
Showing logs for build [32mcb-kubecd-bdd-gh-1582792930-pr-vsj5q-1[0m stage [32mfrom-build-pack[0m and container [32mstep-credential-initializer-mll7z[0m
{"level":"warn","ts":1582794057.7162516,"logger":"fallback-logger","caller":"logging/config.go:69","msg":"Fetch GitHub commit ID from kodata failed: \"ref: refs/heads/0.8.0-**-support-backwards-incompats\" is not a valid GitHub commit ID"}
{"level":"info","ts":1582794057.7167833,"logger":"fallback-logger","caller":"creds-init/main.go:40","msg":"Credentials initialized."}

Showing logs for build [32mcb-kubecd-bdd-gh-1582792930-pr-vsj5q-1[0m stage [32mfrom-build-pack[0m and container [32mstep-working-dir-initializer-4ks8k[0m
{"level":"warn","ts":1582794058.6798933,"logger":"fallback-logger","caller":"logging/config.go:69","msg":"Fetch GitHub commit ID from kodata failed: open /var/run/ko/HEAD: no such file or directory"}
{"level":"info","ts":1582794058.6815906,"logger":"fallback-logger","caller":"bash/main.go:64","msg":"Successfully executed command \"sh -c mkdir -p /workspace/source\"; output "}

Showing logs for build [32mcb-kubecd-bdd-gh-1582792930-pr-vsj5q-1[0m stage [32mfrom-build-pack[0m and container [32mstep-place-tools[0m

Showing logs for build [32mcb-kubecd-bdd-gh-1582792930-pr-vsj5q-1[0m stage [32mfrom-build-pack[0m and container [32mstep-git-source-cb-kubecd-bdd-gh-1582792930-pr-vsj5q-2bhvl[0m
{"level":"warn","ts":1582794067.367857,"logger":"fallback-logger","caller":"logging/config.go:69","msg":"Fetch GitHub commit ID from kodata failed: \"ref: refs/heads/0.8.0-**-support-backwards-incompats\" is not a valid GitHub commit ID"}
{"level":"info","ts":1582794069.0904484,"logger":"fallback-logger","caller":"git/git.go:103","msg":"Successfully cloned https://github.com/cb-kubecd/bdd-gh-1582792930.git @ master in path /workspace/source"}

Showing logs for build [32mcb-kubecd-bdd-gh-1582792930-pr-vsj5q-1[0m stage [32mfrom-build-pack[0m and container [32mstep-git-merge[0m
Using SHAs from PULL_REFS=master:a5f1824c5f2bc0a2f7ad0dc105f1fd3d2c79e4c6,1:b9678801558174a5b3500a83349f0467f8713885
DEBUG: LC_ALL=C JX_LOG_LEVEL=error git fetch origin --unshallow b9678801558174a5b3500a83349f0467f8713885: a5f1824c5f2bc0a2f7ad0dc105f1fd3d2c79e4c6:
DEBUG: ran git fetch --unshallow origin b9678801558174a5b3500a83349f0467f8713885: a5f1824c5f2bc0a2f7ad0dc105f1fd3d2c79e4c6: in 
DEBUG: LC_ALL=C JX_LOG_LEVEL=error git branch
DEBUG: LC_ALL=C JX_LOG_LEVEL=error git checkout master
DEBUG: ran git checkout master in 
DEBUG: JX_LOG_LEVEL=error LC_ALL=C git reset --hard a5f1824c5f2bc0a2f7ad0dc105f1fd3d2c79e4c6
DEBUG: ran git reset --hard a5f1824c5f2bc0a2f7ad0dc105f1fd3d2c79e4c6 in 
DEBUG: JX_LOG_LEVEL=error LC_ALL=C git clean -fd .
DEBUG: ran clean --force -d . in 
DEBUG: LC_ALL=C JX_LOG_LEVEL=error git merge b9678801558174a5b3500a83349f0467f8713885
DEBUG: ran git merge b9678801558174a5b3500a83349f0467f8713885 in 
DEBUG: LC_ALL=C JX_LOG_LEVEL=error git log --format=%H%x1f%an%x1f%ae%x1f%cn%x1f%ce%x1f%s%n%b%x1e a5f1824c5f2bc0a2f7ad0dc105f1fd3d2c79e4c6..HEAD
Merged SHA b9678801558174a5b3500a83349f0467f8713885 with commit message 'My first PR commit' into base branch master

Showing logs for build [32mcb-kubecd-bdd-gh-1582792930-pr-vsj5q-1[0m stage [32mfrom-build-pack[0m and container [32mstep-build-make-linux[0m
CGO_ENABLED=0 GOOS=linux GOARCH=amd64 GO15VENDOREXPERIMENT=1 go build -ldflags '' -o bin/bdd-gh-1582792930 main.go

Showing logs for build [32mcb-kubecd-bdd-gh-1582792930-pr-vsj5q-1[0m stage [32mfrom-build-pack[0m and container [32mstep-build-container-build[0m
[36mINFO[0m[0000] No base image, nothing to extract            
[36mINFO[0m[0000] cmd: EXPOSE                                  
[36mINFO[0m[0000] Adding exposed port: 8080/tcp                
[36mINFO[0m[0000] Using files from context: [/workspace/source/bin] 
[36mINFO[0m[0000] Skipping unpacking as no commands require it. 
[36mINFO[0m[0000] Taking snapshot of full filesystem...        
[36mINFO[0m[0006] EXPOSE 8080                                  
[36mINFO[0m[0006] cmd: EXPOSE                                  
[36mINFO[0m[0006] Adding exposed port: 8080/tcp                
[36mINFO[0m[0006] No files changed in this command, skipping snapshotting. 
[36mINFO[0m[0006] ENTRYPOINT ["/bdd-gh-1582792930"]            
[36mINFO[0m[0006] No files changed in this command, skipping snapshotting. 
[36mINFO[0m[0006] Using files from context: [/workspace/source/bin] 
[36mINFO[0m[0006] COPY ./bin/ /                                
[36mINFO[0m[0006] Taking snapshot of files...                  
2020/02/27 09:01:33 pushed blob: sha256:965a2231ee28f0d9543d0a80b08defa89a793c5926517f05cbd6164f07676101
2020/02/27 09:01:34 pushed blob: sha256:fdd5e74b11388dda3d209a7dd48456cd96e03a7ed02314d6de57a1dc7dde4959
2020/02/27 09:01:35 gcr.io/jenkins-x-bdd3/bdd-gh-1582792930:0.0.0-SNAPSHOT-PR-1-1: digest: sha256:e165b789db66e457d98d0fa0256dcf2e265fa1cbf663ca9d77229fd22bfa521c size: 428

Showing logs for build [32mcb-kubecd-bdd-gh-1582792930-pr-vsj5q-1[0m stage [32mfrom-build-pack[0m and container [32mstep-postbuild-post-build[0m
no CVE provider running in the current ** namespace so skip adding image to be analysed

Showing logs for build [32mcb-kubecd-bdd-gh-1582792930-pr-vsj5q-1[0m stage [32mfrom-build-pack[0m and container [32mstep-promote-make-preview[0m
sed -i -e "s/version:.*/version: 0.0.0-SNAPSHOT-PR-1-1/" Chart.yaml
sed -i -e "s/version:.*/version: 0.0.0-SNAPSHOT-PR-1-1/" ../*/Chart.yaml
sed -i -e "s|repository:.*|repository: gcr.io\/jenkins-x-bdd3\/bdd-gh-1582792930|" values.yaml
sed -i -e "s/tag:.*/tag: 0.0.0-SNAPSHOT-PR-1-1/" values.yaml
echo "  version: 0.0.0-SNAPSHOT-PR-1-1" >> requirements.yaml
** step helm build
WARNING: No $CHART_REPOSITORY defined so using the default value of: http://jenkins-x-chartmuseum:8080
Adding missing Helm repo: storage.googleapis.com https://storage.googleapis.com/chartmuseum.jenkins-x.io
WARNING: No secrets found on "helm/repos" due: reading the secret "helm/repos" from vault: no secret "helm/repos" not found in vault
Read credentials for https://storage.googleapis.com/chartmuseum.jenkins-x.io from vault helm/repos
Successfully added Helm repository storage.googleapis.com.
Adding missing Helm repo: jenkins-x-chartmuseum http://jenkins-x-chartmuseum:8080
WARNING: No secrets found on "helm/repos" due: reading the secret "helm/repos" from vault: no secret "helm/repos" not found in vault
Read credentials for http://jenkins-x-chartmuseum:8080 from vault helm/repos
Successfully added Helm repository jenkins-x-chartmuseum.
WARNING: No $CHART_REPOSITORY defined so using the default value of: http://jenkins-x-chartmuseum:8080
Adding missing Helm repo: chartmuseum.jenkins-x.io http://chartmuseum.jenkins-x.io
WARNING: No secrets found on "helm/repos" due: reading the secret "helm/repos" from vault: no secret "helm/repos" not found in vault
Read credentials for http://chartmuseum.jenkins-x.io from vault helm/repos
Successfully added Helm repository chartmuseum.jenkins-x.io.

Showing logs for build [32mcb-kubecd-bdd-gh-1582792930-pr-vsj5q-1[0m stage [32mfrom-build-pack[0m and container [32mstep-promote-jx-preview[0m
Creating a preview
Created environment cb-kubecd-bdd-gh-1582792930-pr-1
Namespace **-cb-kubecd-bdd-gh-1582792930-pr-1 created 
expose:
  Annotations:
    helm.sh/hook: post-install,post-upgrade
    helm.sh/hook-delete-policy: hook-succeeded
  config:
    domain: 35.241.181.23.nip.io
    exposer: Ingress
    http: "true"
preview:
  image:
    repository: gcr.io/jenkins-x-bdd3/bdd-gh-1582792930
    tag: 0.0.0-SNAPSHOT-PR-1-1

Updating PipelineActivities cb-kubecd-bdd-gh-1582792930-pr-1-1 which has status Running
Preview application is now available at: http://bdd-gh-1582792930.**-cb-kubecd-bdd-gh-1582792930-pr-1.35.241.181.23.nip.io
